2025-03-20 19:26:57 WARN  Attempting to setup Server Socket, Errors may Occur
2025-03-20 19:26:57 INFO  Server Socket Successfully Configured
2025-03-20 19:26:57 INFO  Server waiting for connections...
2025-03-20 19:27:39 ERROR Socket closed
2025-03-20 23:47:07 WARN  Attempting to setup Server Socket, Errors may Occur
2025-03-20 23:47:07 INFO  Server Socket Successfully Configured
2025-03-20 23:47:07 INFO  Server waiting for connections...
2025-03-20 23:47:11 INFO  Client request accepted/192.168.45.137
2025-03-20 23:47:12 INFO  Server waiting for connections...
2025-03-20 23:47:12 WARN  Attempting to setup Server Streams to Client, Errors may Occur
2025-03-20 23:47:12 INFO  Server Streams Successfully Configured to Client
2025-03-20 23:47:12 WARN  Attempting to receive data from client
2025-03-20 23:47:20 ERROR Connection reset
2025-03-20 23:49:54 WARN  Attempting to setup Server Socket, Errors may Occur
2025-03-20 23:49:55 INFO  Server Socket Successfully Configured
2025-03-20 23:49:55 INFO  Server waiting for connections...
2025-03-20 23:49:57 INFO  Client request accepted/192.168.45.137
2025-03-20 23:49:57 INFO  Server waiting for connections...
2025-03-20 23:49:57 WARN  Attempting to setup Server Streams to Client, Errors may Occur
2025-03-20 23:49:57 INFO  Server Streams Successfully Configured to Client
2025-03-20 23:49:57 WARN  Attempting to receive data from client
2025-03-20 23:50:01 INFO  Action successfully received from client
2025-03-20 23:50:01 WARN  Attempting to connect to database, errors may occur
2025-03-20 23:50:02 INFO  Connected to database
2025-03-20 23:50:02 WARN  Attempting to retrieve data from database, errors may occur
2025-03-20 23:50:02 INFO  SELECT * FROM Event
2025-03-20 23:50:02 INFO  Record Successfully Retrieved
2025-03-20 23:50:02 WARN  Attempting to receive data from client
2025-03-20 23:51:17 INFO  Action successfully received from client
2025-03-20 23:51:17 WARN  Attempting to connect to database, errors may occur
2025-03-20 23:51:17 INFO  Connected to database
2025-03-20 23:51:17 WARN  Attempting to insert data to database, errors may occur
2025-03-20 23:51:18 ERROR Cannot add or update a child row: a foreign key constraint fails (`javaent_db`.`event`, CONSTRAINT `event_ibfk_1` FOREIGN KEY (`customerID`) REFERENCES `customer` (`customerID`) ON DELETE CASCADE)
2025-03-20 23:52:06 WARN  Attempting to receive data from client
2025-03-20 23:56:00 INFO  Action successfully received from client
2025-03-20 23:56:00 WARN  Attempting to connect to database, errors may occur
2025-03-20 23:56:00 INFO  Connected to database
2025-03-20 23:56:00 WARN  Attempting to insert data to database, errors may occur
2025-03-20 23:56:01 INFO  Record Successfully Inserted
2025-03-20 23:56:01 WARN  Attempting to receive data from client
2025-03-20 23:56:03 INFO  Action successfully received from client
2025-03-20 23:56:03 WARN  Attempting to connect to database, errors may occur
2025-03-20 23:56:03 INFO  Connected to database
2025-03-20 23:56:03 WARN  Attempting to retrieve data from database, errors may occur
2025-03-20 23:56:03 INFO  SELECT * FROM Event
2025-03-20 23:56:03 INFO  Record Successfully Retrieved
2025-03-20 23:56:03 WARN  Attempting to receive data from client
2025-03-20 23:57:01 INFO  Action successfully received from client
2025-03-20 23:57:01 WARN  Attempting to connect to database, errors may occur
2025-03-20 23:57:01 INFO  Connected to database
2025-03-20 23:57:01 WARN  Attempting to delete data from database, errors may occur
2025-03-20 23:57:01 INFO  Record Successfully Deleted
2025-03-20 23:57:01 WARN  Attempting to receive data from client
2025-03-20 23:57:02 INFO  Action successfully received from client
2025-03-20 23:57:02 WARN  Attempting to connect to database, errors may occur
2025-03-20 23:57:02 INFO  Connected to database
2025-03-20 23:57:02 WARN  Attempting to retrieve data from database, errors may occur
2025-03-20 23:57:02 INFO  SELECT * FROM Event
2025-03-20 23:57:02 INFO  Record Successfully Retrieved
2025-03-20 23:57:02 WARN  Attempting to receive data from client
2025-03-20 23:57:09 INFO  Action successfully received from client
2025-03-20 23:57:09 WARN  Attempting to connect to database, errors may occur
2025-03-20 23:57:09 INFO  Connected to database
2025-03-20 23:57:09 WARN  Attempting to retrieve data from database, errors may occur
2025-03-20 23:57:09 INFO  Record Successfully Retrieved
2025-03-20 23:57:09 WARN  Attempting to receive data from client
2025-03-20 23:57:24 ERROR Connection reset
2025-03-21 09:55:39 WARN  Attempting to setup Server Socket, Errors may Occur
2025-03-21 09:55:39 INFO  Server Socket Successfully Configured
2025-03-21 09:55:39 INFO  Server waiting for connections...
2025-03-21 09:55:43 INFO  Client request accepted/192.168.45.137
2025-03-21 09:55:43 INFO  Server waiting for connections...
2025-03-21 09:55:43 WARN  Attempting to setup Server Streams to Client, Errors may Occur
2025-03-21 09:55:43 INFO  Server Streams Successfully Configured to Client
2025-03-21 09:55:43 WARN  Attempting to receive data from client
2025-03-21 09:55:53 INFO  Action successfully received from client
2025-03-21 09:55:53 WARN  Attempting to connect to database, errors may occur
2025-03-21 09:55:55 INFO  Connected to database
2025-03-21 09:55:55 WARN  Attempting to retrieve data from database, errors may occur
2025-03-21 09:55:55 INFO  SELECT * FROM EquipmentType
2025-03-21 09:55:55 INFO  Record Successfully Retrieved
2025-03-21 09:55:55 WARN  Attempting to receive data from client
2025-03-21 09:56:26 INFO  Action successfully received from client
2025-03-21 09:56:27 WARN  Attempting to connect to database, errors may occur
2025-03-21 09:56:27 INFO  Connected to database
2025-03-21 09:56:27 WARN  Attempting to retrieve data from database, errors may occur
2025-03-21 09:56:27 INFO  SELECT * FROM Admin
2025-03-21 09:56:27 INFO  Record Successfully Retrieved
2025-03-21 09:56:27 WARN  Attempting to receive data from client
2025-03-21 09:56:45 ERROR Connection reset
2025-03-21 10:00:15 WARN  Attempting to setup Server Socket, Errors may Occur
2025-03-21 10:00:15 INFO  Server Socket Successfully Configured
2025-03-21 10:00:15 INFO  Server waiting for connections...
2025-03-21 10:00:21 INFO  Client request accepted/192.168.45.137
2025-03-21 10:00:21 INFO  Server waiting for connections...
2025-03-21 10:00:21 WARN  Attempting to setup Server Streams to Client, Errors may Occur
2025-03-21 10:00:21 INFO  Server Streams Successfully Configured to Client
2025-03-21 10:00:21 WARN  Attempting to receive data from client
2025-03-21 10:00:25 INFO  Action successfully received from client
2025-03-21 10:00:25 WARN  Attempting to connect to database, errors may occur
2025-03-21 10:00:26 INFO  Connected to database
2025-03-21 10:00:26 WARN  Attempting to retrieve data from database, errors may occur
2025-03-21 10:00:26 INFO  SELECT * FROM Equipment
2025-03-21 10:00:26 INFO  Record Successfully Retrieved
2025-03-21 10:00:26 WARN  Attempting to receive data from client
2025-03-21 10:01:39 INFO  Action successfully received from client
2025-03-21 10:01:39 WARN  Attempting to connect to database, errors may occur
2025-03-21 10:01:39 INFO  Connected to database
2025-03-21 10:01:39 WARN  Attempting to update data in database, errors may occur
2025-03-21 10:01:39 INFO  UPDATE Equipment SET eqTypeID = 'ET001', name = 'Wireless Microphone' WHERE eqID = 'EQ001' 
2025-03-21 10:01:39 INFO  Record Successfully Updated
2025-03-21 10:01:39 WARN  Attempting to receive data from client
2025-03-21 10:01:40 INFO  Action successfully received from client
2025-03-21 10:01:40 WARN  Attempting to connect to database, errors may occur
2025-03-21 10:01:40 INFO  Connected to database
2025-03-21 10:01:40 WARN  Attempting to retrieve data from database, errors may occur
2025-03-21 10:01:40 INFO  SELECT * FROM Equipment
2025-03-21 10:01:40 INFO  Record Successfully Retrieved
2025-03-21 10:01:40 WARN  Attempting to receive data from client
2025-03-21 10:02:11 INFO  Action successfully received from client
2025-03-21 10:02:11 WARN  Attempting to connect to database, errors may occur
2025-03-21 10:02:11 INFO  Connected to database
2025-03-21 10:02:11 WARN  Attempting to insert data to database, errors may occur
2025-03-21 10:02:11 INFO  Record Successfully Inserted
2025-03-21 10:02:11 WARN  Attempting to receive data from client
2025-03-21 10:02:12 INFO  Action successfully received from client
2025-03-21 10:02:12 WARN  Attempting to connect to database, errors may occur
2025-03-21 10:02:12 INFO  Connected to database
2025-03-21 10:02:12 WARN  Attempting to retrieve data from database, errors may occur
2025-03-21 10:02:12 INFO  SELECT * FROM Equipment
2025-03-21 10:02:12 INFO  Record Successfully Retrieved
2025-03-21 10:02:12 WARN  Attempting to receive data from client
2025-03-21 10:10:17 ERROR Connection reset
2025-03-21 10:10:36 WARN  Attempting to setup Server Socket, Errors may Occur
2025-03-21 10:10:37 INFO  Server Socket Successfully Configured
2025-03-21 10:10:37 INFO  Server waiting for connections...
2025-03-21 10:10:39 INFO  Client request accepted/192.168.45.137
2025-03-21 10:10:39 INFO  Server waiting for connections...
2025-03-21 10:10:39 WARN  Attempting to setup Server Streams to Client, Errors may Occur
2025-03-21 10:10:39 INFO  Server Streams Successfully Configured to Client
2025-03-21 10:10:39 WARN  Attempting to receive data from client
2025-03-21 10:10:43 INFO  Action successfully received from client
2025-03-21 10:10:43 WARN  Attempting to connect to database, errors may occur
2025-03-21 10:10:45 INFO  Connected to database
2025-03-21 10:10:45 WARN  Attempting to retrieve data from database, errors may occur
2025-03-21 10:10:45 INFO  SELECT * FROM Equipment
2025-03-21 10:10:45 INFO  Record Successfully Retrieved
2025-03-21 10:10:45 WARN  Attempting to receive data from client
2025-03-21 10:10:54 ERROR Connection reset
2025-03-21 10:11:09 INFO  Client request accepted/192.168.45.137
2025-03-21 10:11:09 INFO  Server waiting for connections...
2025-03-21 10:11:09 WARN  Attempting to setup Server Streams to Client, Errors may Occur
2025-03-21 10:11:09 INFO  Server Streams Successfully Configured to Client
2025-03-21 10:11:09 WARN  Attempting to receive data from client
2025-03-21 10:11:12 INFO  Action successfully received from client
2025-03-21 10:11:12 WARN  Attempting to connect to database, errors may occur
2025-03-21 10:11:12 INFO  Connected to database
2025-03-21 10:11:12 WARN  Attempting to retrieve data from database, errors may occur
2025-03-21 10:11:12 INFO  SELECT * FROM Equipment
2025-03-21 10:11:12 INFO  Record Successfully Retrieved
2025-03-21 10:11:12 WARN  Attempting to receive data from client
2025-03-21 10:11:24 ERROR Connection reset
2025-03-21 10:13:40 ERROR Socket closed
2025-03-21 10:19:52 WARN  Attempting to setup Server Socket, Errors may Occur
2025-03-21 10:19:53 INFO  Server Socket Successfully Configured
2025-03-21 10:19:53 INFO  Server waiting for connections...
2025-03-21 10:19:56 INFO  Client request accepted/192.168.45.137
2025-03-21 10:19:56 INFO  Server waiting for connections...
2025-03-21 10:19:56 WARN  Attempting to setup Server Streams to Client, Errors may Occur
2025-03-21 10:19:56 INFO  Server Streams Successfully Configured to Client
2025-03-21 10:19:56 WARN  Attempting to receive data from client
2025-03-21 10:20:00 INFO  Action successfully received from client
2025-03-21 10:20:00 WARN  Attempting to connect to database, errors may occur
2025-03-21 10:20:01 INFO  Connected to database
2025-03-21 10:20:01 WARN  Attempting to retrieve data from database, errors may occur
2025-03-21 10:20:01 INFO  SELECT * FROM Equipment
2025-03-21 10:20:01 INFO  Record Successfully Retrieved
2025-03-21 10:20:01 WARN  Attempting to receive data from client
2025-03-21 10:20:15 INFO  Action successfully received from client
2025-03-21 10:20:15 WARN  Attempting to connect to database, errors may occur
2025-03-21 10:20:15 INFO  Connected to database
2025-03-21 10:20:15 WARN  Attempting to retrieve data from database, errors may occur
2025-03-21 10:20:15 INFO  Record Successfully Retrieved
2025-03-21 10:20:15 WARN  Attempting to receive data from client
2025-03-21 10:21:07 ERROR Connection reset
2025-03-21 10:25:40 WARN  Attempting to setup Server Socket, Errors may Occur
2025-03-21 10:25:40 ERROR Address already in use: bind
2025-03-21 10:25:40 INFO  Server waiting for connections...
2025-03-21 10:26:06 INFO  Client request accepted/192.168.45.137
2025-03-21 10:26:06 INFO  Server waiting for connections...
2025-03-21 10:26:06 WARN  Attempting to setup Server Streams to Client, Errors may Occur
2025-03-21 10:26:06 INFO  Server Streams Successfully Configured to Client
2025-03-21 10:26:06 WARN  Attempting to receive data from client
2025-03-21 10:26:10 INFO  Action successfully received from client
2025-03-21 10:26:10 WARN  Attempting to connect to database, errors may occur
2025-03-21 10:26:10 INFO  Connected to database
2025-03-21 10:26:10 WARN  Attempting to retrieve data from database, errors may occur
2025-03-21 10:26:10 INFO  SELECT * FROM Equipment
2025-03-21 10:26:10 INFO  Record Successfully Retrieved
2025-03-21 10:26:10 WARN  Attempting to receive data from client
2025-03-21 10:26:31 INFO  Action successfully received from client
2025-03-21 10:26:31 WARN  Attempting to connect to database, errors may occur
2025-03-21 10:26:31 INFO  Connected to database
2025-03-21 10:26:31 WARN  Attempting to retrieve data from database, errors may occur
2025-03-21 10:26:31 INFO  Record Successfully Retrieved
2025-03-21 10:26:31 WARN  Attempting to receive data from client
2025-03-21 10:26:39 INFO  Action successfully received from client
2025-03-21 10:26:39 WARN  Attempting to connect to database, errors may occur
2025-03-21 10:26:39 INFO  Connected to database
2025-03-21 10:26:39 WARN  Attempting to retrieve data from database, errors may occur
2025-03-21 10:26:39 INFO  Record Successfully Retrieved
2025-03-21 10:26:39 WARN  Attempting to receive data from client
2025-03-21 10:26:53 ERROR Connection reset
2025-03-21 10:27:06 ERROR Socket closed
2025-03-21 11:13:18 WARN  Attempting to setup Server Socket, Errors may Occur
2025-03-21 11:13:19 INFO  Server Socket Successfully Configured
2025-03-21 11:13:19 INFO  Server waiting for connections...
2025-03-21 11:13:35 INFO  Client request accepted/192.168.45.137
2025-03-21 11:13:35 INFO  Server waiting for connections...
2025-03-21 11:13:35 WARN  Attempting to setup Server Streams to Client, Errors may Occur
2025-03-21 11:13:35 INFO  Server Streams Successfully Configured to Client
2025-03-21 11:13:35 WARN  Attempting to receive data from client
2025-03-21 11:13:39 INFO  Action successfully received from client
2025-03-21 11:13:39 WARN  Attempting to connect to database, errors may occur
2025-03-21 11:13:40 INFO  Connected to database
2025-03-21 11:13:40 WARN  Attempting to retrieve data from database, errors may occur
2025-03-21 11:13:40 INFO  SELECT * FROM Booking
2025-03-21 11:13:41 INFO  Record Successfully Retrieved
2025-03-21 11:13:41 WARN  Attempting to receive data from client
2025-03-21 11:13:51 INFO  Action successfully received from client
2025-03-21 11:13:51 WARN  Attempting to connect to database, errors may occur
2025-03-21 11:13:51 INFO  Connected to database
2025-03-21 11:13:51 WARN  Attempting to retrieve data from database, errors may occur
2025-03-21 11:13:52 INFO  Record Successfully Retrieved
2025-03-21 11:13:52 WARN  Attempting to receive data from client
2025-03-21 11:14:14 INFO  Action successfully received from client
2025-03-21 11:14:14 WARN  Attempting to connect to database, errors may occur
2025-03-21 11:14:14 INFO  Connected to database
2025-03-21 11:14:14 WARN  Attempting to retrieve data from database, errors may occur
2025-03-21 11:14:14 INFO  Record Successfully Retrieved
2025-03-21 11:14:14 WARN  Attempting to receive data from client
2025-03-21 11:17:29 INFO  Action successfully received from client
2025-03-21 11:17:29 WARN  Attempting to connect to database, errors may occur
2025-03-21 11:17:29 INFO  Connected to database
2025-03-21 11:17:29 WARN  Attempting to retrieve data from database, errors may occur
2025-03-21 11:17:29 INFO  Record Successfully Retrieved
2025-03-21 11:17:29 WARN  Attempting to receive data from client
2025-03-21 11:18:04 ERROR Connection reset
2025-03-21 14:54:25 WARN  Attempting to setup Server Socket, Errors may Occur
2025-03-21 14:54:25 INFO  Server Socket Successfully Configured
2025-03-21 14:54:25 INFO  Server waiting for connections...
2025-03-21 14:54:31 INFO  Client request accepted/192.168.45.137
2025-03-21 14:54:32 INFO  Server waiting for connections...
2025-03-21 14:54:32 WARN  Attempting to setup Server Streams to Client, Errors may Occur
2025-03-21 14:54:32 INFO  Server Streams Successfully Configured to Client
2025-03-21 14:54:32 WARN  Attempting to receive data from client
2025-03-21 14:54:37 INFO  Action successfully received from client
2025-03-21 14:54:37 WARN  Attempting to connect to database, errors may occur
2025-03-21 14:54:39 INFO  Connected to database
2025-03-21 14:54:39 WARN  Attempting to retrieve data from database, errors may occur
2025-03-21 14:54:39 INFO  SELECT * FROM Price
2025-03-21 14:54:39 INFO  Record Successfully Retrieved
2025-03-21 14:54:39 WARN  Attempting to receive data from client
2025-03-21 14:54:45 INFO  Action successfully received from client
2025-03-21 14:54:45 WARN  Attempting to connect to database, errors may occur
2025-03-21 14:54:45 INFO  Connected to database
2025-03-21 14:54:45 WARN  Attempting to retrieve data from database, errors may occur
2025-03-21 14:54:45 INFO  Record Successfully Retrieved
2025-03-21 14:54:45 WARN  Attempting to receive data from client
2025-03-21 14:54:57 INFO  Action successfully received from client
2025-03-21 14:54:57 WARN  Attempting to connect to database, errors may occur
2025-03-21 14:54:57 INFO  Connected to database
2025-03-21 14:54:57 WARN  Attempting to retrieve data from database, errors may occur
2025-03-21 14:54:57 INFO  Record Successfully Retrieved
2025-03-21 14:54:57 WARN  Attempting to receive data from client
2025-03-21 14:55:04 ERROR Connection reset
2025-03-21 14:55:10 ERROR Socket closed
2025-03-21 14:58:40 WARN  Attempting to setup Server Socket, Errors may Occur
2025-03-21 14:58:40 INFO  Server Socket Successfully Configured
2025-03-21 14:58:40 INFO  Server waiting for connections...
2025-03-21 14:58:50 INFO  Client request accepted/192.168.45.137
2025-03-21 14:58:50 INFO  Server waiting for connections...
2025-03-21 14:58:50 WARN  Attempting to setup Server Streams to Client, Errors may Occur
2025-03-21 14:58:50 INFO  Server Streams Successfully Configured to Client
2025-03-21 14:58:50 WARN  Attempting to receive data from client
2025-03-21 14:58:54 INFO  Action successfully received from client
2025-03-21 14:58:54 WARN  Attempting to connect to database, errors may occur
2025-03-21 14:58:54 INFO  Connected to database
2025-03-21 14:58:54 WARN  Attempting to retrieve data from database, errors may occur
2025-03-21 14:58:54 INFO  SELECT * FROM Price
2025-03-21 14:58:55 INFO  Record Successfully Retrieved
2025-03-21 14:58:55 WARN  Attempting to receive data from client
2025-03-21 14:58:59 INFO  Action successfully received from client
2025-03-21 14:58:59 WARN  Attempting to connect to database, errors may occur
2025-03-21 14:59:00 INFO  Connected to database
2025-03-21 14:59:00 WARN  Attempting to retrieve data from database, errors may occur
2025-03-21 14:59:00 INFO  Record Successfully Retrieved
2025-03-21 14:59:00 WARN  Attempting to receive data from client
2025-03-21 14:59:05 INFO  Action successfully received from client
2025-03-21 14:59:05 WARN  Attempting to connect to database, errors may occur
2025-03-21 14:59:05 INFO  Connected to database
2025-03-21 14:59:05 WARN  Attempting to retrieve data from database, errors may occur
2025-03-21 14:59:05 INFO  Record Successfully Retrieved
2025-03-21 14:59:05 WARN  Attempting to receive data from client
2025-03-21 14:59:58 ERROR Connection reset
2025-03-21 15:00:04 ERROR Socket closed
2025-03-21 15:02:00 WARN  Attempting to setup Server Socket, Errors may Occur
2025-03-21 15:02:00 INFO  Server Socket Successfully Configured
2025-03-21 15:02:00 INFO  Server waiting for connections...
2025-03-21 15:02:02 INFO  Client request accepted/192.168.45.137
2025-03-21 15:02:02 INFO  Server waiting for connections...
2025-03-21 15:02:02 WARN  Attempting to setup Server Streams to Client, Errors may Occur
2025-03-21 15:02:02 INFO  Server Streams Successfully Configured to Client
2025-03-21 15:02:02 WARN  Attempting to receive data from client
2025-03-21 15:02:06 INFO  Action successfully received from client
2025-03-21 15:02:06 WARN  Attempting to connect to database, errors may occur
2025-03-21 15:02:07 INFO  Connected to database
2025-03-21 15:02:07 WARN  Attempting to retrieve data from database, errors may occur
2025-03-21 15:02:07 INFO  SELECT * FROM Price
2025-03-21 15:02:07 INFO  Record Successfully Retrieved
2025-03-21 15:02:07 WARN  Attempting to receive data from client
2025-03-21 15:02:21 INFO  Action successfully received from client
2025-03-21 15:02:21 WARN  Attempting to connect to database, errors may occur
2025-03-21 15:02:21 INFO  Connected to database
2025-03-21 15:02:21 WARN  Attempting to retrieve data from database, errors may occur
2025-03-21 15:02:21 INFO  Record Successfully Retrieved
2025-03-21 15:02:21 WARN  Attempting to receive data from client
2025-03-21 15:02:28 INFO  Action successfully received from client
2025-03-21 15:02:28 WARN  Attempting to connect to database, errors may occur
2025-03-21 15:02:28 INFO  Connected to database
2025-03-21 15:02:28 WARN  Attempting to retrieve data from database, errors may occur
2025-03-21 15:02:28 INFO  Record Successfully Retrieved
2025-03-21 15:02:28 WARN  Attempting to receive data from client
2025-03-21 15:02:34 INFO  Action successfully received from client
2025-03-21 15:02:34 WARN  Attempting to connect to database, errors may occur
2025-03-21 15:02:34 INFO  Connected to database
2025-03-21 15:02:34 WARN  Attempting to retrieve data from database, errors may occur
2025-03-21 15:02:34 INFO  SELECT * FROM Report
2025-03-21 15:02:34 INFO  Record Successfully Retrieved
2025-03-21 15:02:34 WARN  Attempting to receive data from client
2025-03-21 15:02:52 INFO  Action successfully received from client
2025-03-21 15:02:52 WARN  Attempting to connect to database, errors may occur
2025-03-21 15:02:52 INFO  Connected to database
2025-03-21 15:02:52 WARN  Attempting to retrieve data from database, errors may occur
2025-03-21 15:02:52 INFO  Record Successfully Retrieved
2025-03-21 15:02:52 WARN  Attempting to receive data from client
2025-03-21 15:03:01 INFO  Action successfully received from client
2025-03-21 15:03:01 WARN  Attempting to connect to database, errors may occur
2025-03-21 15:03:01 INFO  Connected to database
2025-03-21 15:03:01 WARN  Attempting to retrieve data from database, errors may occur
2025-03-21 15:03:01 INFO  Record Successfully Retrieved
2025-03-21 15:03:01 WARN  Attempting to receive data from client
2025-03-21 15:03:13 INFO  Action successfully received from client
2025-03-21 15:03:13 WARN  Attempting to connect to database, errors may occur
2025-03-21 15:03:13 INFO  Connected to database
2025-03-21 15:03:13 WARN  Attempting to retrieve data from database, errors may occur
2025-03-21 15:03:13 INFO  SELECT * FROM Admin
2025-03-21 15:03:13 INFO  Record Successfully Retrieved
2025-03-21 15:03:13 WARN  Attempting to receive data from client
2025-03-21 15:03:17 INFO  Action successfully received from client
2025-03-21 15:03:17 WARN  Attempting to connect to database, errors may occur
2025-03-21 15:03:17 INFO  Connected to database
2025-03-21 15:03:17 WARN  Attempting to retrieve data from database, errors may occur
2025-03-21 15:03:17 INFO  Record Successfully Retrieved
2025-03-21 15:03:17 WARN  Attempting to receive data from client
2025-03-21 15:03:22 INFO  Action successfully received from client
2025-03-21 15:03:22 WARN  Attempting to connect to database, errors may occur
2025-03-21 15:03:22 INFO  Connected to database
2025-03-21 15:03:22 WARN  Attempting to retrieve data from database, errors may occur
2025-03-21 15:03:22 INFO  Record Successfully Retrieved
2025-03-21 15:03:22 WARN  Attempting to receive data from client
2025-03-21 15:04:30 ERROR Connection reset
2025-03-21 15:15:17 WARN  Attempting to setup Server Socket, Errors may Occur
2025-03-21 15:15:17 INFO  Server Socket Successfully Configured
2025-03-21 15:15:17 INFO  Server waiting for connections...
2025-03-21 15:15:21 INFO  Client request accepted/192.168.45.137
2025-03-21 15:15:21 INFO  Server waiting for connections...
2025-03-21 15:15:21 WARN  Attempting to setup Server Streams to Client, Errors may Occur
2025-03-21 15:15:21 INFO  Server Streams Successfully Configured to Client
2025-03-21 15:15:21 WARN  Attempting to receive data from client
2025-03-21 15:15:25 INFO  Action successfully received from client
2025-03-21 15:15:25 WARN  Attempting to connect to database, errors may occur
2025-03-21 15:15:26 INFO  Connected to database
2025-03-21 15:15:26 WARN  Attempting to retrieve data from database, errors may occur
2025-03-21 15:15:26 INFO  SELECT * FROM Report
2025-03-21 15:15:26 INFO  Record Successfully Retrieved
2025-03-21 15:15:26 WARN  Attempting to receive data from client
2025-03-21 15:15:35 INFO  Action successfully received from client
2025-03-21 15:15:35 WARN  Attempting to connect to database, errors may occur
2025-03-21 15:15:35 INFO  Connected to database
2025-03-21 15:15:35 WARN  Attempting to retrieve data from database, errors may occur
2025-03-21 15:15:35 INFO  Record Successfully Retrieved
2025-03-21 15:15:35 WARN  Attempting to receive data from client
2025-03-21 15:15:41 INFO  Action successfully received from client
2025-03-21 15:15:41 WARN  Attempting to connect to database, errors may occur
2025-03-21 15:15:41 INFO  Connected to database
2025-03-21 15:15:41 WARN  Attempting to retrieve data from database, errors may occur
2025-03-21 15:15:41 INFO  Record Successfully Retrieved
2025-03-21 15:15:41 WARN  Attempting to receive data from client
2025-03-21 15:15:49 ERROR Connection reset
2025-03-21 15:20:45 WARN  Attempting to setup Server Socket, Errors may Occur
2025-03-21 15:20:46 INFO  Server Socket Successfully Configured
2025-03-21 15:20:46 INFO  Server waiting for connections...
2025-03-21 15:20:48 INFO  Client request accepted/192.168.45.137
2025-03-21 15:20:48 INFO  Server waiting for connections...
2025-03-21 15:20:48 WARN  Attempting to setup Server Streams to Client, Errors may Occur
2025-03-21 15:20:48 INFO  Server Streams Successfully Configured to Client
2025-03-21 15:20:48 WARN  Attempting to receive data from client
2025-03-21 15:20:52 INFO  Action successfully received from client
2025-03-21 15:20:52 WARN  Attempting to connect to database, errors may occur
2025-03-21 15:20:53 INFO  Connected to database
2025-03-21 15:20:53 WARN  Attempting to retrieve data from database, errors may occur
2025-03-21 15:20:53 INFO  SELECT * FROM Report
2025-03-21 15:20:53 INFO  Record Successfully Retrieved
2025-03-21 15:20:53 WARN  Attempting to receive data from client
2025-03-21 15:20:58 INFO  Action successfully received from client
2025-03-21 15:20:58 WARN  Attempting to connect to database, errors may occur
2025-03-21 15:20:58 INFO  Connected to database
2025-03-21 15:20:58 WARN  Attempting to retrieve data from database, errors may occur
2025-03-21 15:20:58 INFO  Record Successfully Retrieved
2025-03-21 15:20:58 WARN  Attempting to receive data from client
2025-03-21 15:21:04 INFO  Action successfully received from client
2025-03-21 15:21:04 WARN  Attempting to connect to database, errors may occur
2025-03-21 15:21:04 INFO  Connected to database
2025-03-21 15:21:04 WARN  Attempting to retrieve data from database, errors may occur
2025-03-21 15:21:04 INFO  Record Successfully Retrieved
2025-03-21 15:21:04 WARN  Attempting to receive data from client
2025-03-21 15:21:10 ERROR Connection reset
2025-03-21 15:22:09 WARN  Attempting to setup Server Socket, Errors may Occur
2025-03-21 15:22:09 ERROR Address already in use: bind
2025-03-21 15:22:09 INFO  Server waiting for connections...
2025-03-21 15:22:21 WARN  Attempting to setup Server Socket, Errors may Occur
2025-03-21 15:22:21 INFO  Server Socket Successfully Configured
2025-03-21 15:22:21 INFO  Server waiting for connections...
2025-03-21 15:22:25 INFO  Client request accepted/192.168.45.137
2025-03-21 15:22:25 INFO  Server waiting for connections...
2025-03-21 15:22:25 WARN  Attempting to setup Server Streams to Client, Errors may Occur
2025-03-21 15:22:25 INFO  Server Streams Successfully Configured to Client
2025-03-21 15:22:25 WARN  Attempting to receive data from client
2025-03-21 15:22:29 INFO  Action successfully received from client
2025-03-21 15:22:29 WARN  Attempting to connect to database, errors may occur
2025-03-21 15:22:30 INFO  Connected to database
2025-03-21 15:22:30 WARN  Attempting to retrieve data from database, errors may occur
2025-03-21 15:22:30 INFO  SELECT * FROM Report
2025-03-21 15:22:30 INFO  Record Successfully Retrieved
2025-03-21 15:22:30 WARN  Attempting to receive data from client
2025-03-21 15:22:34 INFO  Action successfully received from client
2025-03-21 15:22:34 WARN  Attempting to connect to database, errors may occur
2025-03-21 15:22:34 INFO  Connected to database
2025-03-21 15:22:34 WARN  Attempting to retrieve data from database, errors may occur
2025-03-21 15:22:34 INFO  Record Successfully Retrieved
2025-03-21 15:22:34 WARN  Attempting to receive data from client
2025-03-21 15:22:40 INFO  Action successfully received from client
2025-03-21 15:22:40 WARN  Attempting to connect to database, errors may occur
2025-03-21 15:22:40 INFO  Connected to database
2025-03-21 15:22:40 WARN  Attempting to retrieve data from database, errors may occur
2025-03-21 15:22:40 INFO  Record Successfully Retrieved
2025-03-21 15:22:40 WARN  Attempting to receive data from client
2025-03-21 15:23:03 ERROR Connection reset
2025-03-21 15:37:38 WARN  Attempting to setup Server Socket, Errors may Occur
2025-03-21 15:37:39 INFO  Server Socket Successfully Configured
2025-03-21 15:37:39 INFO  Server waiting for connections...
2025-03-21 15:37:42 INFO  Client request accepted/192.168.45.137
2025-03-21 15:37:42 INFO  Server waiting for connections...
2025-03-21 15:37:42 WARN  Attempting to setup Server Streams to Client, Errors may Occur
2025-03-21 15:37:42 INFO  Server Streams Successfully Configured to Client
2025-03-21 15:37:42 WARN  Attempting to receive data from client
2025-03-21 15:37:50 INFO  Action successfully received from client
2025-03-21 15:37:50 WARN  Attempting to connect to database, errors may occur
2025-03-21 15:37:52 INFO  Connected to database
2025-03-21 15:37:52 WARN  Attempting to retrieve data from database, errors may occur
2025-03-21 15:37:52 INFO  SELECT * FROM Booking
2025-03-21 15:37:52 INFO  Record Successfully Retrieved
2025-03-21 15:37:52 WARN  Attempting to receive data from client
2025-03-21 15:38:58 INFO  Action successfully received from client
2025-03-21 15:38:58 WARN  Attempting to connect to database, errors may occur
2025-03-21 15:38:58 INFO  Connected to database
2025-03-21 15:38:58 WARN  Attempting to retrieve data from database, errors may occur
2025-03-21 15:38:58 INFO  SELECT * FROM Event
2025-03-21 15:38:58 INFO  Record Successfully Retrieved
2025-03-21 15:38:58 WARN  Attempting to receive data from client
2025-03-21 15:40:12 INFO  Action successfully received from client
2025-03-21 15:40:12 WARN  Attempting to connect to database, errors may occur
2025-03-21 15:40:12 INFO  Connected to database
2025-03-21 15:40:12 WARN  Attempting to insert data to database, errors may occur
2025-03-21 15:40:13 ERROR Cannot add or update a child row: a foreign key constraint fails (`javaent_db`.`booking`, CONSTRAINT `booking_ibfk_1` FOREIGN KEY (`eventID`) REFERENCES `event` (`eventID`) ON DELETE CASCADE)
2025-03-21 15:44:34 WARN  Attempting to receive data from client
2025-03-21 15:46:37 INFO  Action successfully received from client
2025-03-21 15:46:37 WARN  Attempting to connect to database, errors may occur
2025-03-21 15:46:37 INFO  Connected to database
2025-03-21 15:46:37 WARN  Attempting to insert data to database, errors may occur
2025-03-21 15:46:37 INFO  Record Successfully Inserted
2025-03-21 15:46:37 WARN  Attempting to receive data from client
2025-03-21 15:46:38 INFO  Action successfully received from client
2025-03-21 15:46:38 WARN  Attempting to connect to database, errors may occur
2025-03-21 15:46:38 INFO  Connected to database
2025-03-21 15:46:38 WARN  Attempting to retrieve data from database, errors may occur
2025-03-21 15:46:38 INFO  SELECT * FROM Booking
2025-03-21 15:46:38 INFO  Record Successfully Retrieved
2025-03-21 15:46:38 WARN  Attempting to receive data from client
2025-03-21 15:48:43 ERROR Connection reset
2025-03-21 15:50:40 INFO  Client request accepted/192.168.45.137
2025-03-21 15:50:40 INFO  Server waiting for connections...
2025-03-21 15:50:40 WARN  Attempting to setup Server Streams to Client, Errors may Occur
2025-03-21 15:50:40 INFO  Server Streams Successfully Configured to Client
2025-03-21 15:50:40 WARN  Attempting to receive data from client
2025-03-21 15:50:44 INFO  Action successfully received from client
2025-03-21 15:50:44 WARN  Attempting to connect to database, errors may occur
2025-03-21 15:50:44 INFO  Connected to database
2025-03-21 15:50:44 WARN  Attempting to retrieve data from database, errors may occur
2025-03-21 15:50:44 INFO  SELECT * FROM Invoice
2025-03-21 15:50:44 INFO  Record Successfully Retrieved
2025-03-21 15:50:44 WARN  Attempting to receive data from client
2025-03-21 16:09:30 ERROR Connection reset
2025-03-21 16:09:37 ERROR Socket closed
2025-03-21 19:00:16 WARN  Attempting to setup Server Socket, Errors may Occur
2025-03-21 19:00:17 INFO  Server Socket Successfully Configured
2025-03-21 19:00:17 INFO  Server waiting for connections...
2025-03-21 19:00:20 INFO  Client request accepted/192.168.45.137
2025-03-21 19:00:20 INFO  Server waiting for connections...
2025-03-21 19:00:20 WARN  Attempting to setup Server Streams to Client, Errors may Occur
2025-03-21 19:00:20 INFO  Server Streams Successfully Configured to Client
2025-03-21 19:00:20 WARN  Attempting to receive data from client
2025-03-21 19:00:26 INFO  Action successfully received from client
2025-03-21 19:00:26 WARN  Attempting to connect to database, errors may occur
2025-03-21 19:00:27 INFO  Connected to database
2025-03-21 19:00:27 WARN  Attempting to retrieve data from database, errors may occur
2025-03-21 19:00:27 INFO  SELECT * FROM Report
2025-03-21 19:00:27 INFO  Record Successfully Retrieved
2025-03-21 19:00:27 WARN  Attempting to receive data from client
2025-03-21 19:01:32 ERROR Connection reset
2025-03-21 19:31:16 WARN  Attempting to setup Server Socket, Errors may Occur
2025-03-21 19:31:17 INFO  Server Socket Successfully Configured
2025-03-21 19:31:17 INFO  Server waiting for connections...
2025-03-21 19:31:18 INFO  Client request accepted/192.168.45.137
2025-03-21 19:31:18 INFO  Server waiting for connections...
2025-03-21 19:31:18 WARN  Attempting to setup Server Streams to Client, Errors may Occur
2025-03-21 19:31:18 INFO  Server Streams Successfully Configured to Client
2025-03-21 19:31:19 WARN  Attempting to receive data from client
2025-03-21 19:31:23 INFO  Action successfully received from client
2025-03-21 19:31:23 WARN  Attempting to connect to database, errors may occur
2025-03-21 19:31:25 INFO  Connected to database
2025-03-21 19:31:25 WARN  Attempting to retrieve data from database, errors may occur
2025-03-21 19:31:25 INFO  SELECT * FROM Report
2025-03-21 19:31:25 INFO  Record Successfully Retrieved
2025-03-21 19:31:25 WARN  Attempting to receive data from client
2025-03-21 19:33:08 ERROR Connection reset
2025-03-21 20:58:17 WARN  Attempting to setup Server Socket, Errors may Occur
2025-03-21 20:58:17 INFO  Server Socket Successfully Configured
2025-03-21 20:58:17 INFO  Server waiting for connections...
2025-03-21 20:58:22 INFO  Client request accepted/192.168.45.137
2025-03-21 20:58:22 WARN  Attempting to connect to database, errors may occur
2025-03-21 20:58:23 INFO  Connected to database
2025-03-21 20:58:23 INFO  Server waiting for connections...
2025-03-21 20:58:23 WARN  Attempting to setup Server Streams to Client, Errors may Occur
2025-03-21 20:58:23 INFO  Server Streams Successfully Configured to Client
2025-03-21 20:58:23 WARN  Attempting to receive data from client
2025-03-21 20:58:59 INFO  Action successfully received from client
2025-03-21 20:58:59 WARN  Attempting to receive data from client
2025-03-21 21:00:00 ERROR Connection reset
2025-03-21 21:00:09 INFO  Client request accepted/192.168.45.137
2025-03-21 21:00:09 WARN  Attempting to connect to database, errors may occur
2025-03-21 21:00:10 INFO  Connected to database
2025-03-21 21:00:10 INFO  Server waiting for connections...
2025-03-21 21:00:10 WARN  Attempting to setup Server Streams to Client, Errors may Occur
2025-03-21 21:00:10 INFO  Server Streams Successfully Configured to Client
2025-03-21 21:00:10 WARN  Attempting to receive data from client
2025-03-21 21:00:37 INFO  Action successfully received from client
2025-03-21 21:00:38 WARN  Attempting to receive data from client
2025-03-21 21:00:48 INFO  Action successfully received from client
2025-03-21 21:00:48 WARN  Attempting to receive data from client
2025-03-21 21:00:57 ERROR Connection reset
2025-03-21 21:01:10 INFO  Client request accepted/192.168.45.137
2025-03-21 21:01:10 WARN  Attempting to connect to database, errors may occur
2025-03-21 21:01:10 INFO  Connected to database
2025-03-21 21:01:10 INFO  Server waiting for connections...
2025-03-21 21:01:10 WARN  Attempting to setup Server Streams to Client, Errors may Occur
2025-03-21 21:01:10 INFO  Server Streams Successfully Configured to Client
2025-03-21 21:01:10 WARN  Attempting to receive data from client
2025-03-21 21:03:05 ERROR Connection reset
2025-03-22 17:29:26 WARN  Attempting to setup Server Socket, Errors may Occur
2025-03-22 17:29:27 INFO  Server Socket Successfully Configured
2025-03-22 17:29:27 INFO  Server waiting for connections...
2025-03-22 17:29:44 INFO  Client request accepted/192.168.45.137
2025-03-22 17:29:44 WARN  Attempting to connect to database, errors may occur
2025-03-22 17:29:46 INFO  Connected to database
2025-03-22 17:29:46 INFO  Server waiting for connections...
2025-03-22 17:29:46 WARN  Attempting to setup Server Streams to Client, Errors may Occur
2025-03-22 17:29:46 INFO  Server Streams Successfully Configured to Client
2025-03-22 17:29:46 WARN  Attempting to receive data from client
2025-03-22 17:30:03 INFO  Action successfully received from client
2025-03-22 17:30:04 WARN  Attempting to receive data from client
2025-03-22 17:30:27 INFO  Action successfully received from client
2025-03-22 17:30:27 WARN  Attempting to connect to database, errors may occur
2025-03-22 17:30:27 INFO  Connected to database
2025-03-22 17:30:27 WARN  Attempting to retrieve data from database, errors may occur
2025-03-22 17:30:27 INFO  SELECT * FROM Customer
2025-03-22 17:30:27 INFO  Record Successfully Retrieved
2025-03-22 17:30:27 WARN  Attempting to receive data from client
2025-03-22 17:30:32 INFO  Action successfully received from client
2025-03-22 17:30:32 WARN  Attempting to connect to database, errors may occur
2025-03-22 17:30:32 INFO  Connected to database
2025-03-22 17:30:32 WARN  Attempting to retrieve data from database, errors may occur
2025-03-22 17:30:32 INFO  SELECT * FROM Equipment
2025-03-22 17:30:32 INFO  Record Successfully Retrieved
2025-03-22 17:30:32 WARN  Attempting to receive data from client
2025-03-22 17:30:45 INFO  Action successfully received from client
2025-03-22 17:30:45 WARN  Attempting to connect to database, errors may occur
2025-03-22 17:30:45 INFO  Connected to database
2025-03-22 17:30:45 WARN  Attempting to retrieve data from database, errors may occur
2025-03-22 17:30:45 INFO  SELECT * FROM Booking
2025-03-22 17:30:45 INFO  Record Successfully Retrieved
2025-03-22 17:30:45 WARN  Attempting to receive data from client
2025-03-22 17:30:50 INFO  Action successfully received from client
2025-03-22 17:30:50 WARN  Attempting to connect to database, errors may occur
2025-03-22 17:30:50 INFO  Connected to database
2025-03-22 17:30:50 WARN  Attempting to retrieve data from database, errors may occur
2025-03-22 17:30:50 INFO  SELECT * FROM Invoice
2025-03-22 17:30:50 INFO  Record Successfully Retrieved
2025-03-22 17:30:50 WARN  Attempting to receive data from client
2025-03-22 17:32:18 INFO  Action successfully received from client
2025-03-22 17:32:18 WARN  Attempting to connect to database, errors may occur
2025-03-22 17:32:18 INFO  Connected to database
2025-03-22 17:32:18 WARN  Attempting to retrieve data from database, errors may occur
2025-03-22 17:32:18 INFO  SELECT * FROM Report
2025-03-22 17:32:18 INFO  Record Successfully Retrieved
2025-03-22 17:32:18 WARN  Attempting to receive data from client
2025-03-23 07:15:41 WARN  Attempting to setup Server Socket, Errors may Occur
2025-03-23 07:15:42 INFO  Server Socket Successfully Configured
2025-03-23 07:15:42 INFO  Server waiting for connections...
2025-03-23 07:16:51 ERROR Socket closed
2025-03-23 07:17:16 WARN  Attempting to setup Server Socket, Errors may Occur
2025-03-23 07:17:16 INFO  Server Socket Successfully Configured
2025-03-23 07:17:16 INFO  Server waiting for connections...
2025-03-23 07:18:01 ERROR Socket closed
2025-03-23 07:18:26 WARN  Attempting to setup Server Socket, Errors may Occur
2025-03-23 07:18:26 INFO  Server Socket Successfully Configured
2025-03-23 07:18:26 INFO  Server waiting for connections...
2025-03-23 07:18:44 ERROR Socket closed
2025-03-23 07:24:56 WARN  Attempting to connect to database, errors may occur
2025-03-23 07:24:57 INFO  Connected to database
2025-03-23 07:24:57 WARN  Attempting to retrieve data from database, errors may occur
2025-03-23 07:24:57 INFO  Record Successfully Retrieved
2025-03-23 07:24:57 WARN  Attempting to connect to database, errors may occur
2025-03-23 07:24:57 INFO  Connected to database
2025-03-23 07:24:57 WARN  Attempting to connect to database, errors may occur
2025-03-23 07:24:57 INFO  Connected to database
2025-03-23 07:24:57 WARN  Attempting to retrieve data from database, errors may occur
2025-03-23 07:24:57 INFO  Record Successfully Retrieved
2025-03-23 07:24:57 WARN  Attempting to retrieve data from database, errors may occur
2025-03-23 07:24:57 INFO  Record Successfully Retrieved
2025-03-23 07:24:57 WARN  Attempting to setup Server Socket, Errors may Occur
2025-03-23 07:24:58 INFO  Server Socket Successfully Configured
2025-03-23 07:24:58 INFO  Server waiting for connections...
2025-03-23 07:29:44 WARN  Attempting to setup Server Socket, Errors may Occur
2025-03-23 07:29:44 INFO  Server Socket Successfully Configured
2025-03-23 07:29:44 INFO  Server waiting for connections...
2025-03-23 13:04:28 WARN  Attempting to setup Server Socket, Errors may Occur
2025-03-23 13:04:29 INFO  Server Socket Successfully Configured
2025-03-23 13:04:29 INFO  Server waiting for connections...
2025-03-23 13:04:33 INFO  Client request accepted/192.168.45.137
2025-03-23 13:04:33 WARN  Attempting to connect to database, errors may occur
2025-03-23 13:04:34 INFO  Connected to database
2025-03-23 13:04:34 INFO  Server waiting for connections...
2025-03-23 13:04:34 WARN  Attempting to setup Server Streams to Client, Errors may Occur
2025-03-23 13:04:34 INFO  Server Streams Successfully Configured to Client
2025-03-23 13:04:34 WARN  Attempting to receive data from client
2025-03-23 13:04:49 INFO  Action successfully received from client
2025-03-23 13:04:49 WARN  Attempting to receive data from client
2025-03-23 13:04:57 INFO  Action successfully received from client
2025-03-23 13:04:57 WARN  Attempting to connect to database, errors may occur
2025-03-23 13:04:57 INFO  Connected to database
2025-03-23 13:04:57 WARN  Attempting to retrieve data from database, errors may occur
2025-03-23 13:04:57 INFO  SELECT * FROM Event
2025-03-23 13:04:57 INFO  Record Successfully Retrieved
2025-03-23 13:04:57 WARN  Attempting to receive data from client
2025-03-23 13:05:20 INFO  Action successfully received from client
2025-03-23 13:05:20 WARN  Attempting to connect to database, errors may occur
2025-03-23 13:05:20 INFO  Connected to database
2025-03-23 13:05:20 WARN  Attempting to retrieve data from database, errors may occur
2025-03-23 13:05:20 INFO  SELECT * FROM Invoice
2025-03-23 13:05:20 INFO  Record Successfully Retrieved
2025-03-23 13:05:20 WARN  Attempting to receive data from client
2025-03-23 13:05:30 INFO  Action successfully received from client
2025-03-23 13:05:30 WARN  Attempting to connect to database, errors may occur
2025-03-23 13:05:30 INFO  Connected to database
2025-03-23 13:05:30 WARN  Attempting to retrieve data from database, errors may occur
2025-03-23 13:05:30 INFO  SELECT * FROM Report
2025-03-23 13:05:30 INFO  Record Successfully Retrieved
2025-03-23 13:05:30 WARN  Attempting to receive data from client
2025-03-23 13:05:41 INFO  Action successfully received from client
2025-03-23 13:05:41 WARN  Attempting to connect to database, errors may occur
2025-03-23 13:05:41 INFO  Connected to database
2025-03-23 13:05:41 WARN  Attempting to retrieve data from database, errors may occur
2025-03-23 13:05:41 INFO  SELECT * FROM Event
2025-03-23 13:05:41 INFO  Record Successfully Retrieved
2025-03-23 13:05:41 WARN  Attempting to receive data from client
2025-03-23 13:05:52 INFO  Action successfully received from client
2025-03-23 13:05:52 WARN  Attempting to connect to database, errors may occur
2025-03-23 13:05:52 INFO  Connected to database
2025-03-23 13:05:52 WARN  Attempting to retrieve data from database, errors may occur
2025-03-23 13:05:52 INFO  SELECT * FROM Equipment
2025-03-23 13:05:52 INFO  Record Successfully Retrieved
2025-03-23 13:05:52 WARN  Attempting to receive data from client
2025-03-23 13:06:21 ERROR Connection reset
2025-03-23 13:07:45 WARN  Attempting to setup Server Socket, Errors may Occur
2025-03-23 13:07:45 ERROR Address already in use: bind
2025-03-23 13:07:45 INFO  Server waiting for connections...
2025-03-23 13:08:08 ERROR Socket closed
2025-03-23 13:08:14 WARN  Attempting to setup Server Socket, Errors may Occur
2025-03-23 13:08:14 INFO  Server Socket Successfully Configured
2025-03-23 13:08:14 INFO  Server waiting for connections...
2025-03-23 13:08:16 INFO  Client request accepted/192.168.45.137
2025-03-23 13:08:16 WARN  Attempting to connect to database, errors may occur
2025-03-23 13:08:17 INFO  Connected to database
2025-03-23 13:08:17 INFO  Server waiting for connections...
2025-03-23 13:08:17 WARN  Attempting to setup Server Streams to Client, Errors may Occur
2025-03-23 13:08:17 INFO  Server Streams Successfully Configured to Client
2025-03-23 13:08:17 WARN  Attempting to receive data from client
2025-03-23 13:08:29 INFO  Action successfully received from client
2025-03-23 13:08:29 WARN  Attempting to receive data from client
2025-03-23 13:08:33 INFO  Action successfully received from client
2025-03-23 13:08:33 WARN  Attempting to connect to database, errors may occur
2025-03-23 13:08:33 INFO  Connected to database
2025-03-23 13:08:33 WARN  Attempting to retrieve data from database, errors may occur
2025-03-23 13:08:33 INFO  SELECT * FROM Admin
2025-03-23 13:08:33 INFO  Record Successfully Retrieved
2025-03-23 13:08:33 WARN  Attempting to receive data from client
2025-03-23 13:08:39 INFO  Action successfully received from client
2025-03-23 13:08:39 WARN  Attempting to connect to database, errors may occur
2025-03-23 13:08:39 INFO  Connected to database
2025-03-23 13:08:39 WARN  Attempting to retrieve data from database, errors may occur
2025-03-23 13:08:39 INFO  SELECT * FROM Customer
2025-03-23 13:08:39 INFO  Record Successfully Retrieved
2025-03-23 13:08:39 WARN  Attempting to receive data from client
2025-03-23 13:08:42 INFO  Action successfully received from client
2025-03-23 13:08:42 WARN  Attempting to connect to database, errors may occur
2025-03-23 13:08:42 INFO  Connected to database
2025-03-23 13:08:42 WARN  Attempting to retrieve data from database, errors may occur
2025-03-23 13:08:42 INFO  SELECT * FROM Event
2025-03-23 13:08:42 INFO  Record Successfully Retrieved
2025-03-23 13:08:42 WARN  Attempting to receive data from client
2025-03-23 13:10:11 INFO  Action successfully received from client
2025-03-23 13:10:11 WARN  Attempting to connect to database, errors may occur
2025-03-23 13:10:11 INFO  Connected to database
2025-03-23 13:10:11 WARN  Attempting to retrieve data from database, errors may occur
2025-03-23 13:10:11 INFO  SELECT * FROM EquipmentType
2025-03-23 13:10:11 INFO  Record Successfully Retrieved
2025-03-23 13:10:11 WARN  Attempting to receive data from client
2025-03-23 13:10:29 INFO  Action successfully received from client
2025-03-23 13:10:29 WARN  Attempting to connect to database, errors may occur
2025-03-23 13:10:29 INFO  Connected to database
2025-03-23 13:10:29 WARN  Attempting to retrieve data from database, errors may occur
2025-03-23 13:10:29 INFO  SELECT * FROM EquipmentType
2025-03-23 13:10:29 INFO  Record Successfully Retrieved
2025-03-23 13:10:29 WARN  Attempting to receive data from client
2025-03-23 13:12:31 INFO  Action successfully received from client
2025-03-23 13:12:31 WARN  Attempting to connect to database, errors may occur
2025-03-23 13:12:31 INFO  Connected to database
2025-03-23 13:12:31 WARN  Attempting to retrieve data from database, errors may occur
2025-03-23 13:12:31 INFO  SELECT * FROM Equipment
2025-03-23 13:12:31 INFO  Record Successfully Retrieved
2025-03-23 13:12:31 WARN  Attempting to receive data from client
2025-03-23 13:13:00 INFO  Action successfully received from client
2025-03-23 13:13:00 WARN  Attempting to connect to database, errors may occur
2025-03-23 13:13:00 INFO  Connected to database
2025-03-23 13:13:00 WARN  Attempting to retrieve data from database, errors may occur
2025-03-23 13:13:00 INFO  SELECT * FROM Booking
2025-03-23 13:13:00 INFO  Record Successfully Retrieved
2025-03-23 13:13:00 WARN  Attempting to receive data from client
2025-03-23 13:13:28 INFO  Action successfully received from client
2025-03-23 13:13:28 WARN  Attempting to connect to database, errors may occur
2025-03-23 13:13:28 INFO  Connected to database
2025-03-23 13:13:28 WARN  Attempting to retrieve data from database, errors may occur
2025-03-23 13:13:28 INFO  SELECT * FROM Booking
2025-03-23 13:13:28 INFO  Record Successfully Retrieved
2025-03-23 13:13:28 WARN  Attempting to receive data from client
2025-03-23 13:15:12 INFO  Action successfully received from client
2025-03-23 13:15:12 WARN  Attempting to connect to database, errors may occur
2025-03-23 13:15:12 INFO  Connected to database
2025-03-23 13:15:12 WARN  Attempting to retrieve data from database, errors may occur
2025-03-23 13:15:12 INFO  SELECT * FROM Invoice
2025-03-23 13:15:12 INFO  Record Successfully Retrieved
2025-03-23 13:15:12 WARN  Attempting to receive data from client
2025-03-23 13:15:43 INFO  Action successfully received from client
2025-03-23 13:15:43 WARN  Attempting to connect to database, errors may occur
2025-03-23 13:15:43 INFO  Connected to database
2025-03-23 13:15:43 WARN  Attempting to retrieve data from database, errors may occur
2025-03-23 13:15:43 INFO  SELECT * FROM Price
2025-03-23 13:15:43 INFO  Record Successfully Retrieved
2025-03-23 13:15:43 WARN  Attempting to receive data from client
2025-03-23 13:16:49 INFO  Action successfully received from client
2025-03-23 13:16:49 WARN  Attempting to connect to database, errors may occur
2025-03-23 13:16:49 INFO  Connected to database
2025-03-23 13:16:49 WARN  Attempting to retrieve data from database, errors may occur
2025-03-23 13:16:49 INFO  SELECT * FROM Price
2025-03-23 13:16:49 INFO  Record Successfully Retrieved
2025-03-23 13:16:49 WARN  Attempting to receive data from client
2025-03-23 13:16:55 INFO  Action successfully received from client
2025-03-23 13:16:55 WARN  Attempting to connect to database, errors may occur
2025-03-23 13:16:55 INFO  Connected to database
2025-03-23 13:16:55 WARN  Attempting to retrieve data from database, errors may occur
2025-03-23 13:16:55 INFO  SELECT * FROM Report
2025-03-23 13:16:55 INFO  Record Successfully Retrieved
2025-03-23 13:16:55 WARN  Attempting to receive data from client
2025-03-23 13:17:24 INFO  Action successfully received from client
2025-03-23 13:17:24 WARN  Attempting to connect to database, errors may occur
2025-03-23 13:17:24 INFO  Connected to database
2025-03-23 13:17:24 WARN  Attempting to retrieve data from database, errors may occur
2025-03-23 13:17:24 INFO  SELECT * FROM Report
2025-03-23 13:17:24 INFO  Record Successfully Retrieved
2025-03-23 13:17:24 WARN  Attempting to receive data from client
2025-03-23 13:17:52 INFO  Action successfully received from client
2025-03-23 13:17:52 WARN  Attempting to connect to database, errors may occur
2025-03-23 13:17:52 INFO  Connected to database
2025-03-23 13:17:52 WARN  Attempting to retrieve data from database, errors may occur
2025-03-23 13:17:52 INFO  SELECT * FROM Report
2025-03-23 13:17:52 INFO  Record Successfully Retrieved
2025-03-23 13:17:52 WARN  Attempting to receive data from client
2025-03-23 13:17:57 INFO  Action successfully received from client
2025-03-23 13:17:57 WARN  Attempting to connect to database, errors may occur
2025-03-23 13:17:57 INFO  Connected to database
2025-03-23 13:17:57 WARN  Attempting to retrieve data from database, errors may occur
2025-03-23 13:17:57 INFO  SELECT * FROM Event
2025-03-23 13:17:57 INFO  Record Successfully Retrieved
2025-03-23 13:17:57 WARN  Attempting to receive data from client
2025-03-23 13:18:09 INFO  Action successfully received from client
2025-03-23 13:18:09 WARN  Attempting to connect to database, errors may occur
2025-03-23 13:18:09 INFO  Connected to database
2025-03-23 13:18:09 WARN  Attempting to retrieve data from database, errors may occur
2025-03-23 13:18:09 INFO  SELECT * FROM Invoice
2025-03-23 13:18:09 INFO  Record Successfully Retrieved
2025-03-23 13:18:09 WARN  Attempting to receive data from client
2025-03-23 13:39:15 WARN  Attempting to setup Server Socket, Errors may Occur
2025-03-23 13:39:15 INFO  Server Socket Successfully Configured
2025-03-23 13:39:15 INFO  Server waiting for connections...
2025-03-23 13:39:20 INFO  Client request accepted/192.168.45.137
2025-03-23 13:39:20 WARN  Attempting to connect to database, errors may occur
2025-03-23 13:39:20 INFO  Connected to database
2025-03-23 13:39:20 INFO  Server waiting for connections...
2025-03-23 13:39:20 WARN  Attempting to setup Server Streams to Client, Errors may Occur
2025-03-23 13:39:20 INFO  Server Streams Successfully Configured to Client
2025-03-23 13:39:20 WARN  Attempting to receive data from client
2025-03-23 13:39:34 INFO  Action successfully received from client
2025-03-23 13:39:34 WARN  Attempting to receive data from client
2025-03-23 13:39:37 INFO  Action successfully received from client
2025-03-23 13:39:37 WARN  Attempting to connect to database, errors may occur
2025-03-23 13:39:37 INFO  Connected to database
2025-03-23 13:39:37 WARN  Attempting to retrieve data from database, errors may occur
2025-03-23 13:39:37 INFO  SELECT * FROM Customer
2025-03-23 13:39:37 INFO  Record Successfully Retrieved
2025-03-23 13:39:37 WARN  Attempting to receive data from client
2025-03-23 13:39:42 INFO  Action successfully received from client
2025-03-23 13:39:42 WARN  Attempting to connect to database, errors may occur
2025-03-23 13:39:42 INFO  Connected to database
2025-03-23 13:39:42 WARN  Attempting to retrieve data from database, errors may occur
2025-03-23 13:39:42 INFO  SELECT * FROM Event
2025-03-23 13:39:42 INFO  Record Successfully Retrieved
2025-03-23 13:39:42 WARN  Attempting to receive data from client
2025-03-23 13:39:52 INFO  Action successfully received from client
2025-03-23 13:39:52 WARN  Attempting to connect to database, errors may occur
2025-03-23 13:39:52 INFO  Connected to database
2025-03-23 13:39:52 WARN  Attempting to connect to database, errors may occur
2025-03-23 13:39:52 INFO  Connected to database
2025-03-23 13:39:52 WARN  Attempting to connect to database, errors may occur
2025-03-23 13:39:52 INFO  Connected to database
2025-03-23 13:39:52 WARN  Attempting to connect to database, errors may occur
2025-03-23 13:39:52 INFO  Connected to database
2025-03-23 13:39:52 WARN  Attempting to receive data from client
2025-03-23 13:40:04 INFO  Action successfully received from client
2025-03-23 13:40:04 WARN  Attempting to connect to database, errors may occur
2025-03-23 13:40:04 INFO  Connected to database
2025-03-23 13:40:04 WARN  Attempting to retrieve data from database, errors may occur
2025-03-23 13:40:04 INFO  SELECT * FROM Invoice
2025-03-23 13:40:04 INFO  Record Successfully Retrieved
2025-03-23 13:40:04 WARN  Attempting to receive data from client
2025-03-23 13:42:20 INFO  Action successfully received from client
2025-03-23 13:42:20 WARN  Attempting to connect to database, errors may occur
2025-03-23 13:42:20 INFO  Connected to database
2025-03-23 13:42:20 WARN  Attempting to insert data to database, errors may occur
2025-03-23 13:42:20 INFO  Record Successfully Inserted
2025-03-23 13:42:20 WARN  Attempting to receive data from client
2025-03-23 13:42:22 INFO  Action successfully received from client
2025-03-23 13:42:22 WARN  Attempting to connect to database, errors may occur
2025-03-23 13:42:22 INFO  Connected to database
2025-03-23 13:42:22 WARN  Attempting to retrieve data from database, errors may occur
2025-03-23 13:42:22 INFO  SELECT * FROM Event
2025-03-23 13:42:22 INFO  Record Successfully Retrieved
2025-03-23 13:42:22 WARN  Attempting to receive data from client
2025-03-23 13:42:25 INFO  Action successfully received from client
2025-03-23 13:42:25 WARN  Attempting to connect to database, errors may occur
2025-03-23 13:42:25 INFO  Connected to database
2025-03-23 13:42:25 WARN  Attempting to connect to database, errors may occur
2025-03-23 13:42:25 INFO  Connected to database
2025-03-23 13:42:25 WARN  Attempting to connect to database, errors may occur
2025-03-23 13:42:25 INFO  Connected to database
2025-03-23 13:42:25 WARN  Attempting to connect to database, errors may occur
2025-03-23 13:42:25 INFO  Connected to database
2025-03-23 13:42:25 WARN  Attempting to receive data from client
2025-03-23 13:46:37 ERROR Connection reset
2025-03-23 13:56:16 ERROR Socket closed
2025-03-23 13:56:26 WARN  Attempting to setup Server Socket, Errors may Occur
2025-03-23 13:56:27 INFO  Server Socket Successfully Configured
2025-03-23 13:56:27 INFO  Server waiting for connections...
2025-03-23 13:56:31 INFO  Client request accepted/192.168.45.137
2025-03-23 13:56:31 WARN  Attempting to connect to database, errors may occur
2025-03-23 13:56:32 INFO  Connected to database
2025-03-23 13:56:32 INFO  Server waiting for connections...
2025-03-23 13:56:32 WARN  Attempting to setup Server Streams to Client, Errors may Occur
2025-03-23 13:56:32 INFO  Server Streams Successfully Configured to Client
2025-03-23 13:56:32 WARN  Attempting to receive data from client
2025-03-23 13:56:43 INFO  Action successfully received from client
2025-03-23 13:56:43 WARN  Attempting to receive data from client
2025-03-23 13:57:23 INFO  Action successfully received from client
2025-03-23 13:57:23 WARN  Attempting to connect to database, errors may occur
2025-03-23 13:57:23 INFO  Connected to database
2025-03-23 13:57:23 WARN  Attempting to retrieve data from database, errors may occur
2025-03-23 13:57:23 INFO  SELECT * FROM EquipmentType
2025-03-23 13:57:23 INFO  Record Successfully Retrieved
2025-03-23 13:57:23 WARN  Attempting to receive data from client
2025-03-23 13:57:57 INFO  Action successfully received from client
2025-03-23 13:57:57 WARN  Attempting to connect to database, errors may occur
2025-03-23 13:57:57 INFO  Connected to database
2025-03-23 13:57:57 WARN  Attempting to retrieve data from database, errors may occur
2025-03-23 13:57:57 INFO  SELECT * FROM Invoice
2025-03-23 13:57:57 INFO  Record Successfully Retrieved
2025-03-23 13:57:57 WARN  Attempting to receive data from client
2025-03-23 13:58:13 INFO  Action successfully received from client
2025-03-23 13:58:13 WARN  Attempting to connect to database, errors may occur
2025-03-23 13:58:13 INFO  Connected to database
2025-03-23 13:58:13 WARN  Attempting to retrieve data from database, errors may occur
2025-03-23 13:58:13 INFO  SELECT * FROM Event
2025-03-23 13:58:13 INFO  Record Successfully Retrieved
2025-03-23 13:58:13 WARN  Attempting to receive data from client
2025-03-23 13:58:17 INFO  Action successfully received from client
2025-03-23 13:58:17 WARN  Attempting to connect to database, errors may occur
2025-03-23 13:58:17 INFO  Connected to database
2025-03-23 13:58:17 WARN  Attempting to connect to database, errors may occur
2025-03-23 13:58:17 INFO  Connected to database
2025-03-23 13:58:17 WARN  Attempting to connect to database, errors may occur
2025-03-23 13:58:17 INFO  Connected to database
2025-03-23 13:58:17 WARN  Attempting to connect to database, errors may occur
2025-03-23 13:58:17 INFO  Connected to database
2025-03-23 13:58:17 WARN  Attempting to receive data from client
2025-03-23 14:56:02 ERROR An established connection was aborted by the software in your host machine
2025-03-23 15:09:59 ERROR Socket closed
2025-03-23 15:10:44 WARN  Attempting to setup Server Socket, Errors may Occur
2025-03-23 15:10:44 INFO  Server Socket Successfully Configured
2025-03-23 15:10:44 INFO  Server waiting for connections...
2025-03-23 15:10:48 INFO  Client request accepted/192.168.45.137
2025-03-23 15:10:48 WARN  Attempting to connect to database, errors may occur
2025-03-23 15:10:49 INFO  Connected to database
2025-03-23 15:10:49 INFO  Server waiting for connections...
2025-03-23 15:10:49 WARN  Attempting to setup Server Streams to Client, Errors may Occur
2025-03-23 15:10:49 INFO  Server Streams Successfully Configured to Client
2025-03-23 15:10:49 WARN  Attempting to receive data from client
2025-03-23 15:11:00 INFO  Action successfully received from client
2025-03-23 15:11:00 WARN  Attempting to receive data from client
2025-03-23 15:11:06 INFO  Action successfully received from client
2025-03-23 15:11:06 WARN  Attempting to connect to database, errors may occur
2025-03-23 15:11:06 INFO  Connected to database
2025-03-23 15:11:06 WARN  Attempting to retrieve data from database, errors may occur
2025-03-23 15:11:06 INFO  SELECT * FROM Event
2025-03-23 15:11:06 INFO  Record Successfully Retrieved
2025-03-23 15:11:06 WARN  Attempting to receive data from client
2025-03-23 15:11:13 INFO  Action successfully received from client
2025-03-23 15:11:13 WARN  Attempting to connect to database, errors may occur
2025-03-23 15:11:13 INFO  Connected to database
2025-03-23 15:11:13 WARN  Attempting to retrieve data from database, errors may occur
2025-03-23 15:11:13 INFO  SELECT * FROM Booking
2025-03-23 15:11:13 INFO  Record Successfully Retrieved
2025-03-23 15:11:13 WARN  Attempting to receive data from client
2025-03-23 15:12:47 INFO  Action successfully received from client
2025-03-23 15:12:47 WARN  Attempting to connect to database, errors may occur
2025-03-23 15:12:47 INFO  Connected to database
2025-03-23 15:12:47 WARN  Attempting to insert data to database, errors may occur
2025-03-23 15:12:47 INFO  Record Successfully Inserted
2025-03-23 15:12:47 WARN  Attempting to receive data from client
2025-03-23 15:12:49 INFO  Action successfully received from client
2025-03-23 15:12:49 WARN  Attempting to connect to database, errors may occur
2025-03-23 15:12:49 INFO  Connected to database
2025-03-23 15:12:49 WARN  Attempting to retrieve data from database, errors may occur
2025-03-23 15:12:49 INFO  SELECT * FROM Booking
2025-03-23 15:12:49 INFO  Record Successfully Retrieved
2025-03-23 15:12:49 WARN  Attempting to receive data from client
2025-03-23 15:12:52 INFO  Action successfully received from client
2025-03-23 15:12:52 WARN  Attempting to connect to database, errors may occur
2025-03-23 15:12:52 INFO  Connected to database
2025-03-23 15:12:52 WARN  Attempting to connect to database, errors may occur
2025-03-23 15:12:53 INFO  Connected to database
2025-03-23 15:12:53 WARN  Attempting to connect to database, errors may occur
2025-03-23 15:12:53 INFO  Connected to database
2025-03-23 15:12:53 WARN  Attempting to connect to database, errors may occur
2025-03-23 15:12:53 INFO  Connected to database
2025-03-23 15:12:53 WARN  Attempting to connect to database, errors may occur
2025-03-23 15:12:53 INFO  Connected to database
2025-03-23 15:12:53 WARN  Attempting to retrieve data from database, errors may occur
2025-03-23 15:12:53 INFO  Record Successfully Retrieved
2025-03-23 15:12:53 WARN  Attempting to insert data to database, errors may occur
2025-03-23 15:12:53 INFO  Record Successfully Inserted
2025-03-23 15:12:53 WARN  Attempting to receive data from client
2025-03-23 15:12:58 INFO  Action successfully received from client
2025-03-23 15:12:58 WARN  Attempting to connect to database, errors may occur
2025-03-23 15:12:58 INFO  Connected to database
2025-03-23 15:12:58 WARN  Attempting to retrieve data from database, errors may occur
2025-03-23 15:12:58 INFO  SELECT * FROM Invoice
2025-03-23 15:12:58 INFO  Record Successfully Retrieved
2025-03-23 15:12:58 WARN  Attempting to receive data from client
2025-03-23 15:14:43 ERROR Connection reset
2025-03-23 15:14:51 ERROR Socket closed
2025-03-23 16:23:22 WARN  Attempting to setup Server Socket, Errors may Occur
2025-03-23 16:23:22 INFO  Server Socket Successfully Configured
2025-03-23 16:23:22 INFO  Server waiting for connections...
2025-03-23 16:23:25 INFO  Client request accepted/192.168.45.137
2025-03-23 16:23:25 WARN  Attempting to connect to database, errors may occur
2025-03-23 16:23:26 INFO  Connected to database
2025-03-23 16:23:26 INFO  Server waiting for connections...
2025-03-23 16:23:26 WARN  Attempting to setup Server Streams to Client, Errors may Occur
2025-03-23 16:23:26 INFO  Server Streams Successfully Configured to Client
2025-03-23 16:23:26 WARN  Attempting to receive data from client
2025-03-23 16:23:40 INFO  Action successfully received from client
2025-03-23 16:23:40 WARN  Attempting to receive data from client
2025-03-23 16:23:47 INFO  Action successfully received from client
2025-03-23 16:23:47 WARN  Attempting to connect to database, errors may occur
2025-03-23 16:23:47 INFO  Connected to database
2025-03-23 16:23:47 WARN  Attempting to retrieve data from database, errors may occur
2025-03-23 16:23:47 INFO  SELECT * FROM Report
2025-03-23 16:23:47 INFO  Record Successfully Retrieved
2025-03-23 16:23:47 WARN  Attempting to receive data from client
2025-03-23 16:24:32 INFO  Action successfully received from client
2025-03-23 16:24:32 WARN  Attempting to connect to database, errors may occur
2025-03-23 16:24:32 INFO  Connected to database
2025-03-23 16:24:32 WARN  Attempting to retrieve data from database, errors may occur
2025-03-23 16:24:32 INFO  SELECT * FROM Report
2025-03-23 16:24:32 INFO  Record Successfully Retrieved
2025-03-23 16:24:32 WARN  Attempting to receive data from client
2025-03-23 16:26:57 ERROR Connection reset
2025-03-23 16:27:09 ERROR Socket closed
2025-03-23 16:39:59 WARN  Attempting to setup Server Socket, Errors may Occur
2025-03-23 16:39:59 INFO  Server Socket Successfully Configured
2025-03-23 16:39:59 INFO  Server waiting for connections...
2025-03-23 16:40:02 INFO  Client request accepted/192.168.45.137
2025-03-23 16:40:02 WARN  Attempting to connect to database, errors may occur
2025-03-23 16:40:03 INFO  Connected to database
2025-03-23 16:40:03 INFO  Server waiting for connections...
2025-03-23 16:40:03 WARN  Attempting to setup Server Streams to Client, Errors may Occur
2025-03-23 16:40:03 INFO  Server Streams Successfully Configured to Client
2025-03-23 16:40:03 WARN  Attempting to receive data from client
2025-03-23 16:40:15 INFO  Action successfully received from client
2025-03-23 16:40:15 WARN  Attempting to receive data from client
2025-03-23 16:40:21 INFO  Action successfully received from client
2025-03-23 16:40:21 WARN  Attempting to connect to database, errors may occur
2025-03-23 16:40:21 INFO  Connected to database
2025-03-23 16:40:21 WARN  Attempting to retrieve data from database, errors may occur
2025-03-23 16:40:21 INFO  SELECT * FROM Report
2025-03-23 16:40:21 INFO  Record Successfully Retrieved
2025-03-23 16:40:21 WARN  Attempting to receive data from client
2025-03-23 16:41:15 ERROR Connection reset
2025-03-23 16:58:27 INFO  Client request accepted/192.168.45.137
2025-03-23 16:58:27 WARN  Attempting to connect to database, errors may occur
2025-03-23 16:58:27 INFO  Connected to database
2025-03-23 16:58:27 INFO  Server waiting for connections...
2025-03-23 16:58:27 WARN  Attempting to setup Server Streams to Client, Errors may Occur
2025-03-23 16:58:27 INFO  Server Streams Successfully Configured to Client
2025-03-23 16:58:27 WARN  Attempting to receive data from client
2025-03-23 16:58:43 INFO  Action successfully received from client
2025-03-23 16:58:43 WARN  Attempting to receive data from client
2025-03-23 16:58:53 INFO  Action successfully received from client
2025-03-23 16:58:53 WARN  Attempting to receive data from client
2025-03-23 16:58:58 INFO  Action successfully received from client
2025-03-23 16:58:58 WARN  Attempting to connect to database, errors may occur
2025-03-23 16:58:59 INFO  Connected to database
2025-03-23 16:58:59 WARN  Attempting to retrieve data from database, errors may occur
2025-03-23 16:58:59 INFO  SELECT * FROM Report
2025-03-23 16:58:59 INFO  Record Successfully Retrieved
2025-03-23 16:58:59 WARN  Attempting to receive data from client
2025-03-23 17:00:28 ERROR Connection reset
2025-03-23 17:01:13 INFO  Client request accepted/192.168.45.137
2025-03-23 17:01:13 WARN  Attempting to connect to database, errors may occur
2025-03-23 17:01:13 INFO  Connected to database
2025-03-23 17:01:13 INFO  Server waiting for connections...
2025-03-23 17:01:13 WARN  Attempting to setup Server Streams to Client, Errors may Occur
2025-03-23 17:01:13 INFO  Server Streams Successfully Configured to Client
2025-03-23 17:01:13 WARN  Attempting to receive data from client
2025-03-23 17:01:25 INFO  Action successfully received from client
2025-03-23 17:01:25 WARN  Attempting to receive data from client
2025-03-23 17:01:31 INFO  Action successfully received from client
2025-03-23 17:01:31 WARN  Attempting to connect to database, errors may occur
2025-03-23 17:01:31 INFO  Connected to database
2025-03-23 17:01:31 WARN  Attempting to retrieve data from database, errors may occur
2025-03-23 17:01:31 INFO  SELECT * FROM Report
2025-03-23 17:01:31 INFO  Record Successfully Retrieved
2025-03-23 17:01:31 WARN  Attempting to receive data from client
2025-03-23 17:03:59 ERROR Connection reset
2025-03-23 17:04:04 INFO  Client request accepted/192.168.45.137
2025-03-23 17:04:04 WARN  Attempting to connect to database, errors may occur
2025-03-23 17:04:04 INFO  Connected to database
2025-03-23 17:04:04 INFO  Server waiting for connections...
2025-03-23 17:04:04 WARN  Attempting to setup Server Streams to Client, Errors may Occur
2025-03-23 17:04:04 INFO  Server Streams Successfully Configured to Client
2025-03-23 17:04:04 WARN  Attempting to receive data from client
2025-03-23 17:04:16 INFO  Action successfully received from client
2025-03-23 17:04:16 WARN  Attempting to receive data from client
2025-03-23 17:04:20 INFO  Action successfully received from client
2025-03-23 17:04:20 WARN  Attempting to connect to database, errors may occur
2025-03-23 17:04:20 INFO  Connected to database
2025-03-23 17:04:20 WARN  Attempting to retrieve data from database, errors may occur
2025-03-23 17:04:20 INFO  SELECT * FROM Report
2025-03-23 17:04:20 INFO  Record Successfully Retrieved
2025-03-23 17:04:20 WARN  Attempting to receive data from client
2025-03-23 17:10:47 ERROR Connection reset
2025-03-23 17:12:12 INFO  Client request accepted/192.168.45.137
2025-03-23 17:12:12 WARN  Attempting to connect to database, errors may occur
2025-03-23 17:12:12 INFO  Connected to database
2025-03-23 17:12:12 INFO  Server waiting for connections...
2025-03-23 17:12:12 WARN  Attempting to setup Server Streams to Client, Errors may Occur
2025-03-23 17:12:12 INFO  Server Streams Successfully Configured to Client
2025-03-23 17:12:12 WARN  Attempting to receive data from client
2025-03-23 17:12:23 INFO  Action successfully received from client
2025-03-23 17:12:23 WARN  Attempting to receive data from client
2025-03-23 17:12:28 INFO  Action successfully received from client
2025-03-23 17:12:28 WARN  Attempting to connect to database, errors may occur
2025-03-23 17:12:28 INFO  Connected to database
2025-03-23 17:12:28 WARN  Attempting to retrieve data from database, errors may occur
2025-03-23 17:12:28 INFO  SELECT * FROM Admin
2025-03-23 17:12:28 INFO  Record Successfully Retrieved
2025-03-23 17:12:28 WARN  Attempting to receive data from client
2025-03-23 17:12:34 INFO  Action successfully received from client
2025-03-23 17:12:34 WARN  Attempting to connect to database, errors may occur
2025-03-23 17:12:34 INFO  Connected to database
2025-03-23 17:12:34 WARN  Attempting to retrieve data from database, errors may occur
2025-03-23 17:12:34 INFO  SELECT * FROM Customer
2025-03-23 17:12:34 INFO  Record Successfully Retrieved
2025-03-23 17:12:34 WARN  Attempting to receive data from client
2025-03-23 17:12:37 INFO  Action successfully received from client
2025-03-23 17:12:37 WARN  Attempting to connect to database, errors may occur
2025-03-23 17:12:37 INFO  Connected to database
2025-03-23 17:12:37 WARN  Attempting to retrieve data from database, errors may occur
2025-03-23 17:12:37 INFO  SELECT * FROM Event
2025-03-23 17:12:37 INFO  Record Successfully Retrieved
2025-03-23 17:12:37 WARN  Attempting to receive data from client
2025-03-23 17:12:48 ERROR Connection reset
2025-03-23 17:17:28 INFO  Client request accepted/192.168.45.137
2025-03-23 17:17:28 WARN  Attempting to connect to database, errors may occur
2025-03-23 17:17:28 INFO  Connected to database
2025-03-23 17:17:28 INFO  Server waiting for connections...
2025-03-23 17:17:28 WARN  Attempting to setup Server Streams to Client, Errors may Occur
2025-03-23 17:17:28 INFO  Server Streams Successfully Configured to Client
2025-03-23 17:17:28 WARN  Attempting to receive data from client
2025-03-23 17:17:38 INFO  Action successfully received from client
2025-03-23 17:17:38 WARN  Attempting to receive data from client
2025-03-23 17:17:46 INFO  Action successfully received from client
2025-03-23 17:17:46 WARN  Attempting to connect to database, errors may occur
2025-03-23 17:17:46 INFO  Connected to database
2025-03-23 17:17:46 WARN  Attempting to retrieve data from database, errors may occur
2025-03-23 17:17:46 INFO  SELECT * FROM Report
2025-03-23 17:17:46 INFO  Record Successfully Retrieved
2025-03-23 17:17:46 WARN  Attempting to receive data from client
2025-03-23 17:17:59 INFO  Action successfully received from client
2025-03-23 17:17:59 WARN  Attempting to connect to database, errors may occur
2025-03-23 17:17:59 INFO  Connected to database
2025-03-23 17:17:59 WARN  Attempting to retrieve data from database, errors may occur
2025-03-23 17:17:59 INFO  SELECT * FROM Price
2025-03-23 17:17:59 INFO  Record Successfully Retrieved
2025-03-23 17:17:59 WARN  Attempting to receive data from client
2025-03-23 17:18:09 INFO  Action successfully received from client
2025-03-23 17:18:09 WARN  Attempting to connect to database, errors may occur
2025-03-23 17:18:09 INFO  Connected to database
2025-03-23 17:18:09 WARN  Attempting to retrieve data from database, errors may occur
2025-03-23 17:18:09 INFO  SELECT * FROM Invoice
2025-03-23 17:18:09 INFO  Record Successfully Retrieved
2025-03-23 17:18:09 WARN  Attempting to receive data from client
2025-03-23 17:18:15 INFO  Action successfully received from client
2025-03-23 17:18:15 WARN  Attempting to connect to database, errors may occur
2025-03-23 17:18:15 INFO  Connected to database
2025-03-23 17:18:15 WARN  Attempting to retrieve data from database, errors may occur
2025-03-23 17:18:15 INFO  SELECT * FROM Booking
2025-03-23 17:18:15 INFO  Record Successfully Retrieved
2025-03-23 17:18:15 WARN  Attempting to receive data from client
2025-03-23 17:18:21 INFO  Action successfully received from client
2025-03-23 17:18:21 WARN  Attempting to connect to database, errors may occur
2025-03-23 17:18:21 INFO  Connected to database
2025-03-23 17:18:21 WARN  Attempting to retrieve data from database, errors may occur
2025-03-23 17:18:21 INFO  SELECT * FROM Equipment
2025-03-23 17:18:21 INFO  Record Successfully Retrieved
2025-03-23 17:18:21 WARN  Attempting to receive data from client
2025-03-23 17:18:28 INFO  Action successfully received from client
2025-03-23 17:18:29 WARN  Attempting to connect to database, errors may occur
2025-03-23 17:18:29 INFO  Connected to database
2025-03-23 17:18:29 WARN  Attempting to retrieve data from database, errors may occur
2025-03-23 17:18:29 INFO  SELECT * FROM EquipmentType
2025-03-23 17:18:29 INFO  Record Successfully Retrieved
2025-03-23 17:18:29 WARN  Attempting to receive data from client
2025-03-23 17:18:34 INFO  Action successfully received from client
2025-03-23 17:18:34 WARN  Attempting to connect to database, errors may occur
2025-03-23 17:18:34 INFO  Connected to database
2025-03-23 17:18:34 WARN  Attempting to retrieve data from database, errors may occur
2025-03-23 17:18:34 INFO  SELECT * FROM Event
2025-03-23 17:18:34 INFO  Record Successfully Retrieved
2025-03-23 17:18:34 WARN  Attempting to receive data from client
2025-03-23 17:18:39 INFO  Action successfully received from client
2025-03-23 17:18:39 WARN  Attempting to connect to database, errors may occur
2025-03-23 17:18:40 INFO  Connected to database
2025-03-23 17:18:40 WARN  Attempting to retrieve data from database, errors may occur
2025-03-23 17:18:40 INFO  SELECT * FROM Customer
2025-03-23 17:18:40 INFO  Record Successfully Retrieved
2025-03-23 17:18:40 WARN  Attempting to receive data from client
2025-03-23 17:18:44 INFO  Action successfully received from client
2025-03-23 17:18:44 WARN  Attempting to connect to database, errors may occur
2025-03-23 17:18:44 INFO  Connected to database
2025-03-23 17:18:44 WARN  Attempting to retrieve data from database, errors may occur
2025-03-23 17:18:44 INFO  SELECT * FROM Admin
2025-03-23 17:18:44 INFO  Record Successfully Retrieved
2025-03-23 17:18:44 WARN  Attempting to receive data from client
2025-03-23 17:18:48 ERROR Connection reset
2025-03-23 17:19:32 ERROR Socket closed
2025-03-23 21:04:42 WARN  Attempting to setup Server Socket, Errors may Occur
2025-03-23 21:04:43 INFO  Server Socket Successfully Configured
2025-03-23 21:04:43 INFO  Server waiting for connections...
2025-03-23 21:04:51 INFO  Client request accepted/192.168.45.137
2025-03-23 21:04:51 WARN  Attempting to connect to database, errors may occur
2025-03-23 21:04:52 INFO  Connected to database
2025-03-23 21:04:52 INFO  Server waiting for connections...
2025-03-23 21:04:52 WARN  Attempting to setup Server Streams to Client, Errors may Occur
2025-03-23 21:04:52 INFO  Server Streams Successfully Configured to Client
2025-03-23 21:04:52 WARN  Attempting to receive data from client
2025-03-23 21:05:26 INFO  Action successfully received from client
2025-03-23 21:05:26 WARN  Attempting to receive data from client
2025-03-23 21:18:50 INFO  Action successfully received from client
2025-03-23 21:18:50 WARN  Attempting to connect to database, errors may occur
2025-03-23 21:18:50 INFO  Connected to database
2025-03-23 21:18:50 WARN  Attempting to retrieve data from database, errors may occur
2025-03-23 21:18:50 INFO  SELECT * FROM Customer
2025-03-23 21:18:50 INFO  Record Successfully Retrieved
2025-03-23 21:18:50 WARN  Attempting to receive data from client
2025-03-23 21:20:16 INFO  Action successfully received from client
2025-03-23 21:20:16 WARN  Attempting to connect to database, errors may occur
2025-03-23 21:20:16 INFO  Connected to database
2025-03-23 21:20:16 WARN  Attempting to retrieve data from database, errors may occur
2025-03-23 21:20:16 INFO  SELECT * FROM Event
2025-03-23 21:20:16 INFO  Record Successfully Retrieved
2025-03-23 21:20:16 WARN  Attempting to receive data from client
2025-03-23 21:20:38 INFO  Action successfully received from client
2025-03-23 21:20:38 WARN  Attempting to connect to database, errors may occur
2025-03-23 21:20:38 INFO  Connected to database
2025-03-23 21:20:38 WARN  Attempting to retrieve data from database, errors may occur
2025-03-23 21:20:38 INFO  SELECT * FROM Booking
2025-03-23 21:20:38 INFO  Record Successfully Retrieved
2025-03-23 21:20:38 WARN  Attempting to receive data from client
2025-03-23 21:20:43 INFO  Action successfully received from client
2025-03-23 21:20:43 WARN  Attempting to connect to database, errors may occur
2025-03-23 21:20:43 INFO  Connected to database
2025-03-23 21:20:43 WARN  Attempting to retrieve data from database, errors may occur
2025-03-23 21:20:43 INFO  SELECT * FROM Invoice
2025-03-23 21:20:43 INFO  Record Successfully Retrieved
2025-03-23 21:20:43 WARN  Attempting to receive data from client
2025-03-23 21:20:53 INFO  Action successfully received from client
2025-03-23 21:20:53 WARN  Attempting to connect to database, errors may occur
2025-03-23 21:20:53 INFO  Connected to database
2025-03-23 21:20:53 WARN  Attempting to retrieve data from database, errors may occur
2025-03-23 21:20:53 INFO  SELECT * FROM Report
2025-03-23 21:20:53 INFO  Record Successfully Retrieved
2025-03-23 21:20:53 WARN  Attempting to receive data from client
2025-03-23 21:57:25 INFO  Action successfully received from client
2025-03-23 21:57:25 WARN  Attempting to connect to database, errors may occur
2025-03-23 21:57:25 INFO  Connected to database
2025-03-23 21:57:25 WARN  Attempting to retrieve data from database, errors may occur
2025-03-23 21:57:25 INFO  SELECT * FROM Report
2025-03-23 21:57:25 INFO  Record Successfully Retrieved
2025-03-23 21:57:25 WARN  Attempting to receive data from client
2025-03-23 22:04:33 INFO  Action successfully received from client
2025-03-23 22:04:33 WARN  Attempting to connect to database, errors may occur
2025-03-23 22:04:33 INFO  Connected to database
2025-03-23 22:04:33 WARN  Attempting to retrieve data from database, errors may occur
2025-03-23 22:04:33 INFO  SELECT * FROM Event
2025-03-23 22:04:33 INFO  Record Successfully Retrieved
2025-03-23 22:04:33 WARN  Attempting to receive data from client
2025-03-23 22:04:54 INFO  Action successfully received from client
2025-03-23 22:04:54 WARN  Attempting to connect to database, errors may occur
2025-03-23 22:04:54 INFO  Connected to database
2025-03-23 22:04:54 WARN  Attempting to retrieve data from database, errors may occur
2025-03-23 22:04:54 INFO  SELECT * FROM Equipment
2025-03-23 22:04:54 INFO  Record Successfully Retrieved
2025-03-23 22:04:54 WARN  Attempting to receive data from client
2025-03-23 22:04:59 INFO  Action successfully received from client
2025-03-23 22:04:59 WARN  Attempting to connect to database, errors may occur
2025-03-23 22:04:59 INFO  Connected to database
2025-03-23 22:04:59 WARN  Attempting to retrieve data from database, errors may occur
2025-03-23 22:04:59 INFO  SELECT * FROM Equipment
2025-03-23 22:04:59 INFO  Record Successfully Retrieved
2025-03-23 22:04:59 WARN  Attempting to receive data from client
2025-03-23 22:10:42 INFO  Action successfully received from client
2025-03-23 22:10:42 WARN  Attempting to connect to database, errors may occur
2025-03-23 22:10:42 INFO  Connected to database
2025-03-23 22:10:42 WARN  Attempting to retrieve data from database, errors may occur
2025-03-23 22:10:42 INFO  Record Successfully Retrieved
2025-03-23 22:10:42 WARN  Attempting to receive data from client
2025-03-23 22:11:08 INFO  Action successfully received from client
2025-03-23 22:11:08 WARN  Attempting to connect to database, errors may occur
2025-03-23 22:11:08 INFO  Connected to database
2025-03-23 22:11:08 WARN  Attempting to retrieve data from database, errors may occur
2025-03-23 22:11:08 INFO  Record Successfully Retrieved
2025-03-23 22:11:08 WARN  Attempting to receive data from client
2025-03-23 22:11:47 INFO  Action successfully received from client
2025-03-23 22:11:47 WARN  Attempting to connect to database, errors may occur
2025-03-23 22:11:47 INFO  Connected to database
2025-03-23 22:11:47 WARN  Attempting to retrieve data from database, errors may occur
2025-03-23 22:11:47 INFO  SELECT * FROM Event
2025-03-23 22:11:47 INFO  Record Successfully Retrieved
2025-03-23 22:11:47 WARN  Attempting to receive data from client
2025-03-23 22:12:04 INFO  Action successfully received from client
2025-03-23 22:12:04 WARN  Attempting to connect to database, errors may occur
2025-03-23 22:12:04 INFO  Connected to database
2025-03-23 22:12:04 WARN  Attempting to connect to database, errors may occur
2025-03-23 22:12:04 INFO  Connected to database
2025-03-23 22:12:04 WARN  Attempting to connect to database, errors may occur
2025-03-23 22:12:05 INFO  Connected to database
2025-03-23 22:12:05 WARN  Attempting to connect to database, errors may occur
2025-03-23 22:12:05 INFO  Connected to database
2025-03-23 22:12:05 WARN  Attempting to receive data from client
2025-03-23 22:12:23 INFO  Action successfully received from client
2025-03-23 22:12:23 WARN  Attempting to connect to database, errors may occur
2025-03-23 22:12:23 INFO  Connected to database
2025-03-23 22:12:23 WARN  Attempting to retrieve data from database, errors may occur
2025-03-23 22:12:23 INFO  SELECT * FROM Invoice
2025-03-23 22:12:23 INFO  Record Successfully Retrieved
2025-03-23 22:12:23 WARN  Attempting to receive data from client
2025-03-23 22:12:43 INFO  Action successfully received from client
2025-03-23 22:12:43 WARN  Attempting to connect to database, errors may occur
2025-03-23 22:12:43 INFO  Connected to database
2025-03-23 22:12:43 WARN  Attempting to retrieve data from database, errors may occur
2025-03-23 22:12:43 INFO  SELECT * FROM Booking
2025-03-23 22:12:43 INFO  Record Successfully Retrieved
2025-03-23 22:12:43 WARN  Attempting to receive data from client
2025-03-23 22:18:33 INFO  Action successfully received from client
2025-03-23 22:18:33 WARN  Attempting to connect to database, errors may occur
2025-03-23 22:18:33 INFO  Connected to database
2025-03-23 22:18:33 WARN  Attempting to retrieve data from database, errors may occur
2025-03-23 22:18:33 INFO  SELECT * FROM Invoice
2025-03-23 22:18:33 INFO  Record Successfully Retrieved
2025-03-23 22:18:33 WARN  Attempting to receive data from client
2025-03-23 22:18:38 INFO  Action successfully received from client
2025-03-23 22:18:38 WARN  Attempting to connect to database, errors may occur
2025-03-23 22:18:38 INFO  Connected to database
2025-03-23 22:18:38 WARN  Attempting to retrieve data from database, errors may occur
2025-03-23 22:18:38 INFO  SELECT * FROM Report
2025-03-23 22:18:38 INFO  Record Successfully Retrieved
2025-03-23 22:18:38 WARN  Attempting to receive data from client
2025-03-23 22:22:44 INFO  Action successfully received from client
2025-03-23 22:22:44 WARN  Attempting to connect to database, errors may occur
2025-03-23 22:22:44 INFO  Connected to database
2025-03-23 22:22:44 WARN  Attempting to retrieve data from database, errors may occur
2025-03-23 22:22:44 INFO  SELECT * FROM Report
2025-03-23 22:22:44 INFO  Record Successfully Retrieved
2025-03-23 22:22:44 WARN  Attempting to receive data from client
2025-03-23 22:25:09 ERROR Connection reset
2025-03-23 22:27:56 WARN  Attempting to setup Server Socket, Errors may Occur
2025-03-23 22:27:56 INFO  Server Socket Successfully Configured
2025-03-23 22:27:56 INFO  Server waiting for connections...
